<?xml version="1.0" encoding="UTF-8"?>automation-testing-mainautomation-testing-main
<!-- Generated by org.testng.reporters.JUnitXMLReporter -->
<testsuite ignored="0" hostname="shahid" failures="0" tests="7" name="Test" time="85.127" errors="0" timestamp="2023-12-29T15:38:20 IST">
  <testcase classname="Bodt.io.verifiyBookAcallLInk" name="verifiyLinkBookAcallLInk" time="11.646"/>
  <testcase classname="Bodt.io.VerifyTextBodt" name="VerifyTextVisible" time="5.544"/>
  <testcase classname="Bodt.io.verifyHeaderLinks" name="VerifyHeaderLink" time="23.328"/>
  <testcase classname="Bodt.io.verifyURl" name="ValidateTheUR" time="8.264"/>
  <testcase classname="Bodt.io.verifyLearnMoreLinkOFConnectYourWebsite" name="learnMoreLink" time="8.678"/>
  <testcase classname="Bodt.io.verifyConnectYourWebsiteButton" name="verifyLinkConnectYourWebsiteButton" time="10.609"/>
  <testcase classname="Bodt.io.verifyLoginAndSignupButton" name="buttonLogin" time="17.013"/>
</testsuite> <!-- Test -->
